[2025-12-12 12:55:19,730] INFO django.server:213 "OPTIONS /api/auth/telegram HTTP/1.1" 200 0
[2025-12-12 12:55:20,582] INFO django.server:213 "PUT /api/auth/telegram HTTP/1.1" 200 160
[2025-12-12 12:56:50,309] INFO django.server:213 "OPTIONS /api/tg_channel/ HTTP/1.1" 200 0
[2025-12-12 12:56:51,731] INFO django.server:213 "POST /api/tg_channel/ HTTP/1.1" 200 171
[2025-12-12 13:00:25,331] INFO django.server:213 "POST /api/tg_channel/ HTTP/1.1" 200 171
[2025-12-12 13:01:43,997] INFO django.server:213 "GET /api/client/settings/ HTTP/1.1" 200 2808
[2025-12-12 13:01:44,041] INFO django.server:213 "GET /api/client/settings/ HTTP/1.1" 200 2808
[2025-12-12 13:06:14,800] INFO django.server:213 "GET /api/client/settings/ HTTP/1.1" 200 2808
[2025-12-12 13:38:43,510] WARNING django.server:213 "GET /api/client/settings/ HTTP/1.1" 401 172
[2025-12-12 13:38:43,514] WARNING django.server:213 "GET /api/client/settings/ HTTP/1.1" 401 172
[2025-12-12 13:38:43,515] INFO django.server:213 "OPTIONS /api/auth/refresh/ HTTP/1.1" 200 0
[2025-12-12 13:38:44,132] INFO django.server:213 "POST /api/auth/refresh/ HTTP/1.1" 200 244
[2025-12-12 13:38:44,393] INFO django.server:213 "GET /api/client/settings/ HTTP/1.1" 200 2808
[2025-12-12 13:38:44,656] INFO django.server:213 "GET /api/client/settings/ HTTP/1.1" 200 2808
[2025-12-12 13:38:47,718] INFO django.server:213 "GET /api/client/info/ HTTP/1.1" 200 74
[2025-12-12 13:38:47,815] INFO django.server:213 "GET /api/social-accounts/ HTTP/1.1" 200 2
[2025-12-12 13:38:47,816] WARNING django.server:213 "GET /api/vk/integrations/ HTTP/1.1" 404 33379
[2025-12-12 13:38:47,914] INFO django.server:213 "GET /api/client/info/ HTTP/1.1" 200 74
[2025-12-12 13:38:48,068] WARNING django.server:213 "GET /api/vk/integrations/ HTTP/1.1" 404 33379
[2025-12-12 13:38:48,115] INFO django.server:213 "GET /api/client/info/ HTTP/1.1" 200 74
[2025-12-12 13:38:48,116] INFO django.server:213 "GET /api/social-accounts/ HTTP/1.1" 200 2
[2025-12-12 13:38:48,317] INFO django.server:213 "GET /api/client/info/ HTTP/1.1" 200 74
[2025-12-12 13:49:31,500] INFO django.server:213 "GET /api/client/settings/ HTTP/1.1" 200 2808
[2025-12-12 13:50:11,242] INFO django.server:213 "GET /api/client/settings/ HTTP/1.1" 200 2808
[2025-12-12 14:07:55,206] INFO django.server:213 "GET /api/channel-analyses/ HTTP/1.1" 200 563
[2025-12-12 14:07:55,465] INFO django.server:213 "GET /api/channel-analyses/ HTTP/1.1" 200 563
[2025-12-12 14:08:00,068] INFO django.server:213 "GET /api/channel-analyses/ HTTP/1.1" 200 563
[2025-12-12 14:08:05,062] INFO django.server:213 "GET /api/channel-analyses/ HTTP/1.1" 200 563
[2025-12-12 14:08:07,110] INFO django.server:213 "GET /api/channel-analyses/2/ HTTP/1.1" 200 2305
[2025-12-12 14:08:07,374] INFO django.server:213 "GET /api/channel-analyses/2/ HTTP/1.1" 200 2305
[2025-12-12 14:14:44,270] WARNING django.server:213 "GET /api/channel-analyses/2/ HTTP/1.1" 401 172
[2025-12-12 14:14:44,793] INFO django.server:213 "POST /api/auth/refresh/ HTTP/1.1" 200 244
[2025-12-12 14:14:45,053] INFO django.server:213 "GET /api/channel-analyses/2/ HTTP/1.1" 200 2305
[2025-12-12 14:14:53,478] INFO django.server:213 "GET /api/channel-analyses/2/ HTTP/1.1" 200 2305
[2025-12-12 14:18:46,613] INFO django.server:213 "GET /api/channel-analyses/2/ HTTP/1.1" 200 2305
[2025-12-12 14:20:47,796] INFO django.server:213 "GET /api/channel-analyses/ HTTP/1.1" 200 563
[2025-12-12 14:20:48,062] INFO django.server:213 "GET /api/channel-analyses/ HTTP/1.1" 200 563
[2025-12-12 14:20:52,783] INFO django.server:213 "GET /api/channel-analyses/ HTTP/1.1" 200 563
[2025-12-12 14:20:54,790] INFO django.server:213 "POST /api/tg_channel/ HTTP/1.1" 200 171
[2025-12-12 14:20:57,800] INFO django.server:213 "GET /api/channel-analyses/ HTTP/1.1" 200 817
[2025-12-12 14:21:02,820] INFO django.server:213 "GET /api/channel-analyses/ HTTP/1.1" 200 817
[2025-12-12 14:21:07,781] INFO django.server:213 "GET /api/channel-analyses/ HTTP/1.1" 200 817
[2025-12-12 14:21:12,854] INFO django.server:213 "GET /api/channel-analyses/ HTTP/1.1" 200 844
[2025-12-12 14:21:17,815] INFO django.server:213 "GET /api/channel-analyses/ HTTP/1.1" 200 844
[2025-12-12 14:21:22,853] INFO django.server:213 "GET /api/channel-analyses/ HTTP/1.1" 200 844
[2025-12-12 14:21:27,778] INFO django.server:213 "GET /api/channel-analyses/ HTTP/1.1" 200 844
[2025-12-12 14:21:32,789] INFO django.server:213 "GET /api/channel-analyses/ HTTP/1.1" 200 844
[2025-12-12 14:21:37,773] INFO django.server:213 "GET /api/channel-analyses/ HTTP/1.1" 200 844
[2025-12-12 14:21:42,843] INFO django.server:213 "GET /api/channel-analyses/ HTTP/1.1" 200 844
[2025-12-12 14:21:47,828] INFO django.server:213 "GET /api/channel-analyses/ HTTP/1.1" 200 844
[2025-12-12 14:21:52,803] INFO django.server:213 "GET /api/channel-analyses/ HTTP/1.1" 200 844
[2025-12-12 14:21:54,292] INFO django.server:213 "GET /api/channel-analyses/3/ HTTP/1.1" 200 2282
[2025-12-12 14:21:54,527] INFO django.server:213 "GET /api/channel-analyses/3/ HTTP/1.1" 200 2282
[2025-12-12 14:31:47,398] INFO django.server:213 "GET /api/channel-analyses/3/ HTTP/1.1" 200 2371
[2025-12-12 14:32:01,196] INFO django.server:213 "GET /api/channel-analyses/ HTTP/1.1" 200 844
[2025-12-12 14:32:01,432] INFO django.server:213 "GET /api/channel-analyses/ HTTP/1.1" 200 844
[2025-12-12 14:32:05,861] INFO django.server:213 "GET /api/channel-analyses/ HTTP/1.1" 200 844
[2025-12-12 14:32:12,042] INFO django.server:213 "GET /api/channel-analyses/ HTTP/1.1" 200 844
[2025-12-12 14:32:17,050] INFO django.server:213 "GET /api/channel-analyses/ HTTP/1.1" 200 844
[2025-12-12 14:32:22,110] INFO django.server:213 "GET /api/channel-analyses/ HTTP/1.1" 200 844
[2025-12-12 14:32:25,884] INFO django.server:213 "GET /api/channel-analyses/ HTTP/1.1" 200 844
[2025-12-12 14:32:32,072] INFO django.server:213 "GET /api/channel-analyses/ HTTP/1.1" 200 844
[2025-12-12 14:32:37,076] INFO django.server:213 "GET /api/channel-analyses/ HTTP/1.1" 200 844
[2025-12-12 14:32:42,380] INFO django.server:213 "GET /api/channel-analyses/ HTTP/1.1" 200 844
[2025-12-12 14:32:47,080] INFO django.server:213 "GET /api/channel-analyses/ HTTP/1.1" 200 844
[2025-12-12 14:32:52,108] INFO django.server:213 "GET /api/channel-analyses/ HTTP/1.1" 200 844
[2025-12-12 14:32:57,077] INFO django.server:213 "GET /api/channel-analyses/ HTTP/1.1" 200 844
[2025-12-12 14:33:02,074] INFO django.server:213 "GET /api/channel-analyses/ HTTP/1.1" 200 844
[2025-12-12 14:33:07,102] INFO django.server:213 "GET /api/channel-analyses/ HTTP/1.1" 200 844
[2025-12-12 14:33:12,038] INFO django.server:213 "GET /api/channel-analyses/ HTTP/1.1" 200 844
[2025-12-12 14:33:17,048] INFO django.server:213 "GET /api/channel-analyses/ HTTP/1.1" 200 844
[2025-12-12 14:33:22,067] INFO django.server:213 "GET /api/channel-analyses/ HTTP/1.1" 200 844
[2025-12-12 14:33:27,040] INFO django.server:213 "GET /api/channel-analyses/ HTTP/1.1" 200 844
[2025-12-12 14:33:39,931] INFO django.server:213 "GET /api/channel-analyses/ HTTP/1.1" 200 844
[2025-12-12 14:33:40,908] INFO django.server:213 "GET /api/channel-analyses/ HTTP/1.1" 200 844
[2025-12-12 14:33:44,432] INFO django.server:213 "POST /api/tg_channel/ HTTP/1.1" 200 185
[2025-12-12 14:33:45,885] INFO django.server:213 "GET /api/channel-analyses/ HTTP/1.1" 200 1112
[2025-12-12 14:33:51,255] INFO django.server:213 "GET /api/channel-analyses/ HTTP/1.1" 200 1112
[2025-12-12 14:33:56,236] INFO django.server:213 "GET /api/channel-analyses/ HTTP/1.1" 200 1112
[2025-12-12 14:34:01,253] INFO django.server:213 "GET /api/channel-analyses/ HTTP/1.1" 200 1207
[2025-12-12 14:34:06,205] INFO django.server:213 "GET /api/channel-analyses/ HTTP/1.1" 200 1207
[2025-12-12 14:34:11,305] INFO django.server:213 "GET /api/channel-analyses/ HTTP/1.1" 200 1207
[2025-12-12 14:34:16,230] INFO django.server:213 "GET /api/channel-analyses/ HTTP/1.1" 200 1207
[2025-12-12 14:34:21,256] INFO django.server:213 "GET /api/channel-analyses/ HTTP/1.1" 200 1207
[2025-12-12 14:34:26,267] INFO django.server:213 "GET /api/channel-analyses/ HTTP/1.1" 200 1207
[2025-12-12 14:34:31,265] INFO django.server:213 "GET /api/channel-analyses/ HTTP/1.1" 200 1207
[2025-12-12 14:34:36,271] INFO django.server:213 "GET /api/channel-analyses/ HTTP/1.1" 200 1207
[2025-12-12 14:34:41,251] INFO django.server:213 "GET /api/channel-analyses/ HTTP/1.1" 200 1207
[2025-12-12 14:34:46,256] INFO django.server:213 "GET /api/channel-analyses/ HTTP/1.1" 200 1207
[2025-12-12 14:34:51,266] INFO django.server:213 "GET /api/channel-analyses/ HTTP/1.1" 200 1207
[2025-12-12 14:34:56,252] INFO django.server:213 "GET /api/channel-analyses/ HTTP/1.1" 200 1207
[2025-12-12 14:35:01,304] INFO django.server:213 "GET /api/channel-analyses/ HTTP/1.1" 200 1207
[2025-12-12 14:35:06,223] INFO django.server:213 "GET /api/channel-analyses/ HTTP/1.1" 200 1207
[2025-12-12 14:35:11,273] INFO django.server:213 "GET /api/channel-analyses/ HTTP/1.1" 200 1207
[2025-12-12 14:35:12,433] INFO django.server:213 "GET /api/channel-analyses/4/ HTTP/1.1" 200 3616
[2025-12-12 14:35:12,682] INFO django.server:213 "GET /api/channel-analyses/4/ HTTP/1.1" 200 3616
[2025-12-12 14:41:13,106] INFO django.server:213 "GET /api/channel-analyses/ HTTP/1.1" 200 1207
[2025-12-12 14:41:13,356] INFO django.server:213 "GET /api/channel-analyses/ HTTP/1.1" 200 1207
[2025-12-12 14:41:18,034] INFO django.server:213 "GET /api/channel-analyses/ HTTP/1.1" 200 1207
[2025-12-12 14:41:23,052] INFO django.server:213 "GET /api/channel-analyses/ HTTP/1.1" 200 1207
[2025-12-12 14:41:28,013] INFO django.server:213 "GET /api/channel-analyses/ HTTP/1.1" 200 1207
[2025-12-12 14:41:33,015] INFO django.server:213 "GET /api/channel-analyses/ HTTP/1.1" 200 1207
[2025-12-12 14:41:38,013] INFO django.server:213 "GET /api/channel-analyses/ HTTP/1.1" 200 1207
[2025-12-12 14:41:42,983] INFO django.server:213 "GET /api/channel-analyses/ HTTP/1.1" 200 1207
[2025-12-12 14:41:48,031] INFO django.server:213 "GET /api/channel-analyses/ HTTP/1.1" 200 1207
[2025-12-12 14:41:52,990] INFO django.server:213 "GET /api/channel-analyses/ HTTP/1.1" 200 1207
[2025-12-12 14:41:57,994] INFO django.server:213 "GET /api/channel-analyses/ HTTP/1.1" 200 1207
[2025-12-12 14:42:02,981] INFO django.server:213 "GET /api/channel-analyses/ HTTP/1.1" 200 1207
[2025-12-12 14:42:08,011] INFO django.server:213 "GET /api/channel-analyses/ HTTP/1.1" 200 1207
[2025-12-12 14:42:12,961] INFO django.server:213 "GET /api/channel-analyses/ HTTP/1.1" 200 1207
[2025-12-12 14:42:18,052] INFO django.server:213 "GET /api/channel-analyses/ HTTP/1.1" 200 1207
[2025-12-12 14:42:22,966] INFO django.server:213 "GET /api/channel-analyses/ HTTP/1.1" 200 1207
[2025-12-12 14:42:28,006] INFO django.server:213 "GET /api/channel-analyses/ HTTP/1.1" 200 1207
[2025-12-12 14:42:33,005] INFO django.server:213 "GET /api/channel-analyses/ HTTP/1.1" 200 1207
[2025-12-12 14:42:38,011] INFO django.server:213 "GET /api/channel-analyses/ HTTP/1.1" 200 1207
[2025-12-12 14:42:42,999] INFO django.server:213 "GET /api/channel-analyses/ HTTP/1.1" 200 1207
[2025-12-12 14:42:48,288] INFO django.server:213 "GET /api/channel-analyses/ HTTP/1.1" 200 1207
[2025-12-12 14:42:53,187] INFO django.server:213 "GET /api/channel-analyses/ HTTP/1.1" 200 1207
[2025-12-12 14:42:58,216] INFO django.server:213 "GET /api/channel-analyses/ HTTP/1.1" 200 1207
[2025-12-12 14:43:03,233] INFO django.server:213 "GET /api/channel-analyses/ HTTP/1.1" 200 1207
[2025-12-12 14:43:08,387] INFO django.server:213 "GET /api/channel-analyses/ HTTP/1.1" 200 1207
[2025-12-12 14:43:13,412] INFO django.server:213 "GET /api/channel-analyses/ HTTP/1.1" 200 1207
[2025-12-12 14:43:19,011] INFO django.server:213 "GET /api/channel-analyses/ HTTP/1.1" 200 1207
[2025-12-12 14:43:23,565] INFO django.server:213 "GET /api/channel-analyses/ HTTP/1.1" 200 1207
[2025-12-12 14:43:28,654] INFO django.server:213 "GET /api/channel-analyses/ HTTP/1.1" 200 1207
[2025-12-12 14:43:34,169] INFO django.server:213 "GET /api/channel-analyses/ HTTP/1.1" 200 1207
[2025-12-12 14:43:38,776] INFO django.server:213 "GET /api/channel-analyses/ HTTP/1.1" 200 1207
[2025-12-12 14:43:43,753] INFO django.server:213 "GET /api/channel-analyses/ HTTP/1.1" 200 1207
[2025-12-12 14:44:10,750] INFO django.server:213 "GET /api/channel-analyses/ HTTP/1.1" 200 1207
[2025-12-12 14:45:10,199] WARNING django.server:213 "GET /api/channel-analyses/ HTTP/1.1" 401 172
[2025-12-12 14:45:11,382] INFO django.server:213 "POST /api/auth/refresh/ HTTP/1.1" 200 244
[2025-12-12 14:45:11,696] INFO django.server:213 "GET /api/channel-analyses/ HTTP/1.1" 200 1207
[2025-12-12 14:46:11,636] INFO django.server:213 "GET /api/channel-analyses/ HTTP/1.1" 200 1207
[2025-12-12 14:47:12,349] INFO django.server:213 "GET /api/channel-analyses/ HTTP/1.1" 200 1207
[2025-12-12 14:48:13,048] INFO django.server:213 "GET /api/channel-analyses/ HTTP/1.1" 200 1207
[2025-12-12 14:49:13,727] INFO django.server:213 "GET /api/channel-analyses/ HTTP/1.1" 200 1207
[2025-12-12 14:50:14,467] INFO django.server:213 "GET /api/channel-analyses/ HTTP/1.1" 200 1207
[2025-12-12 14:51:15,215] INFO django.server:213 "GET /api/channel-analyses/ HTTP/1.1" 200 1207
[2025-12-12 14:52:15,957] INFO django.server:213 "GET /api/channel-analyses/ HTTP/1.1" 200 1207
[2025-12-12 14:53:16,260] INFO django.server:213 "GET /api/channel-analyses/ HTTP/1.1" 200 1207
[2025-12-12 14:54:17,076] INFO django.server:213 "GET /api/channel-analyses/ HTTP/1.1" 200 1207
[2025-12-12 14:55:17,754] INFO django.server:213 "GET /api/channel-analyses/ HTTP/1.1" 200 1207
[2025-12-12 14:56:18,535] INFO django.server:213 "GET /api/channel-analyses/ HTTP/1.1" 200 1207
[2025-12-12 14:57:20,033] INFO django.server:213 "GET /api/channel-analyses/ HTTP/1.1" 200 1207
[2025-12-12 14:58:20,331] INFO django.server:213 "GET /api/channel-analyses/ HTTP/1.1" 200 1207
[2025-12-12 14:59:21,207] INFO django.server:213 "GET /api/channel-analyses/ HTTP/1.1" 200 1207
[2025-12-12 15:00:22,508] INFO django.server:213 "GET /api/channel-analyses/ HTTP/1.1" 200 1207
[2025-12-12 15:01:22,864] INFO django.server:213 "GET /api/channel-analyses/ HTTP/1.1" 200 1207
[2025-12-12 15:02:23,573] INFO django.server:213 "GET /api/channel-analyses/ HTTP/1.1" 200 1207
[2025-12-12 15:03:24,391] INFO django.server:213 "GET /api/channel-analyses/ HTTP/1.1" 200 1207
[2025-12-12 15:04:25,198] INFO django.server:213 "GET /api/channel-analyses/ HTTP/1.1" 200 1207
[2025-12-12 15:05:25,967] INFO django.server:213 "GET /api/channel-analyses/ HTTP/1.1" 200 1207
[2025-12-12 15:06:27,398] INFO django.server:213 "GET /api/channel-analyses/ HTTP/1.1" 200 1207
[2025-12-12 15:07:27,715] INFO django.server:213 "GET /api/channel-analyses/ HTTP/1.1" 200 1207
[2025-12-12 15:08:28,454] INFO django.server:213 "GET /api/channel-analyses/ HTTP/1.1" 200 1207
[2025-12-12 15:09:29,092] INFO django.server:213 "GET /api/channel-analyses/ HTTP/1.1" 200 1207
[2025-12-12 15:10:29,823] INFO django.server:213 "GET /api/channel-analyses/ HTTP/1.1" 200 1207
[2025-12-12 15:11:31,235] INFO django.server:213 "GET /api/channel-analyses/ HTTP/1.1" 200 1207
[2025-12-12 15:12:31,501] INFO django.server:213 "GET /api/channel-analyses/ HTTP/1.1" 200 1207
[2025-12-12 15:13:32,126] INFO django.server:213 "GET /api/channel-analyses/ HTTP/1.1" 200 1207
[2025-12-12 15:14:33,019] INFO django.server:213 "GET /api/channel-analyses/ HTTP/1.1" 200 1207
[2025-12-12 15:15:33,386] WARNING django.server:213 "GET /api/channel-analyses/ HTTP/1.1" 401 172
[2025-12-12 15:15:34,025] INFO django.server:213 "POST /api/auth/refresh/ HTTP/1.1" 200 244
[2025-12-12 15:15:34,315] INFO django.server:213 "GET /api/channel-analyses/ HTTP/1.1" 200 1207
[2025-12-12 15:16:34,745] INFO django.server:213 "GET /api/channel-analyses/ HTTP/1.1" 200 1207
[2025-12-12 15:17:35,474] INFO django.server:213 "GET /api/channel-analyses/ HTTP/1.1" 200 1207
[2025-12-12 15:18:36,283] INFO django.server:213 "GET /api/channel-analyses/ HTTP/1.1" 200 1207
[2025-12-12 15:19:37,110] INFO django.server:213 "GET /api/channel-analyses/ HTTP/1.1" 200 1207
[2025-12-12 15:20:38,304] INFO django.server:213 "GET /api/channel-analyses/ HTTP/1.1" 200 1207
[2025-12-12 15:21:38,728] INFO django.server:213 "GET /api/channel-analyses/ HTTP/1.1" 200 1207
[2025-12-12 15:22:39,288] INFO django.server:213 "GET /api/channel-analyses/ HTTP/1.1" 200 1207
[2025-12-12 15:23:39,708] INFO django.server:213 "GET /api/channel-analyses/ HTTP/1.1" 200 1207
[2025-12-12 15:24:40,298] INFO django.server:213 "GET /api/channel-analyses/ HTTP/1.1" 200 1207
[2025-12-12 15:25:41,133] INFO django.server:213 "GET /api/channel-analyses/ HTTP/1.1" 200 1207
[2025-12-12 15:26:41,763] INFO django.server:213 "GET /api/channel-analyses/ HTTP/1.1" 200 1207
[2025-12-12 15:27:42,652] INFO django.server:213 "GET /api/channel-analyses/ HTTP/1.1" 200 1207
[2025-12-12 15:28:43,576] INFO django.server:213 "GET /api/channel-analyses/ HTTP/1.1" 200 1207
[2025-12-12 15:29:44,340] INFO django.server:213 "GET /api/channel-analyses/ HTTP/1.1" 200 1207
[2025-12-12 15:30:45,112] INFO django.server:213 "GET /api/channel-analyses/ HTTP/1.1" 200 1207
[2025-12-12 15:31:46,513] INFO django.server:213 "GET /api/channel-analyses/ HTTP/1.1" 200 1207
[2025-12-12 15:32:46,865] INFO django.server:213 "GET /api/channel-analyses/ HTTP/1.1" 200 1207
[2025-12-12 15:33:47,374] INFO django.server:213 "GET /api/channel-analyses/ HTTP/1.1" 200 1207
[2025-12-12 15:34:48,253] INFO django.server:213 "GET /api/channel-analyses/ HTTP/1.1" 200 1207
[2025-12-12 15:35:49,667] INFO django.server:213 "GET /api/channel-analyses/ HTTP/1.1" 200 1207
[2025-12-12 15:36:49,966] INFO django.server:213 "GET /api/channel-analyses/ HTTP/1.1" 200 1207
[2025-12-12 15:37:50,802] INFO django.server:213 "GET /api/channel-analyses/ HTTP/1.1" 200 1207
[2025-12-12 15:38:51,533] INFO django.server:213 "GET /api/channel-analyses/ HTTP/1.1" 200 1207
[2025-12-12 15:39:52,829] INFO django.server:213 "GET /api/channel-analyses/ HTTP/1.1" 200 1207
[2025-12-12 15:40:53,103] INFO django.server:213 "GET /api/channel-analyses/ HTTP/1.1" 200 1207
[2025-12-12 15:41:53,891] INFO django.server:213 "GET /api/channel-analyses/ HTTP/1.1" 200 1207
[2025-12-12 15:42:54,685] INFO django.server:213 "GET /api/channel-analyses/ HTTP/1.1" 200 1207
[2025-12-12 15:43:55,520] INFO django.server:213 "GET /api/channel-analyses/ HTTP/1.1" 200 1207
[2025-12-12 15:44:56,292] INFO django.server:213 "GET /api/channel-analyses/ HTTP/1.1" 200 1207
[2025-12-12 15:45:56,459] WARNING django.server:213 "GET /api/channel-analyses/ HTTP/1.1" 401 172
[2025-12-12 15:45:56,470] INFO django.server:213 "OPTIONS /api/auth/refresh/ HTTP/1.1" 200 0
[2025-12-12 15:45:56,949] INFO django.server:213 "POST /api/auth/refresh/ HTTP/1.1" 200 244
[2025-12-12 15:45:57,223] INFO django.server:213 "GET /api/channel-analyses/ HTTP/1.1" 200 1207
[2025-12-12 15:46:57,979] INFO django.server:213 "GET /api/channel-analyses/ HTTP/1.1" 200 1207
[2025-12-12 15:47:58,812] INFO django.server:213 "GET /api/channel-analyses/ HTTP/1.1" 200 1207
[2025-12-12 15:48:59,544] INFO django.server:213 "GET /api/channel-analyses/ HTTP/1.1" 200 1207
[2025-12-12 15:50:00,873] INFO django.server:213 "GET /api/channel-analyses/ HTTP/1.1" 200 1207
[2025-12-12 15:51:01,380] INFO django.server:213 "GET /api/channel-analyses/ HTTP/1.1" 200 1207
[2025-12-12 15:52:02,173] INFO django.server:213 "GET /api/channel-analyses/ HTTP/1.1" 200 1207
[2025-12-12 15:53:02,702] INFO django.server:213 "GET /api/channel-analyses/ HTTP/1.1" 200 1207
[2025-12-12 15:54:02,986] INFO django.server:213 "GET /api/channel-analyses/ HTTP/1.1" 200 1207
[2025-12-12 15:55:03,638] INFO django.server:213 "GET /api/channel-analyses/ HTTP/1.1" 200 1207
[2025-12-12 15:56:04,697] INFO django.server:213 "GET /api/channel-analyses/ HTTP/1.1" 200 1207
[2025-12-12 15:57:05,064] INFO django.server:213 "GET /api/channel-analyses/ HTTP/1.1" 200 1207
[2025-12-12 15:58:06,508] INFO django.server:213 "GET /api/channel-analyses/ HTTP/1.1" 200 1207
[2025-12-12 15:59:06,819] INFO django.server:213 "GET /api/channel-analyses/ HTTP/1.1" 200 1207
[2025-12-12 16:00:07,594] INFO django.server:213 "GET /api/channel-analyses/ HTTP/1.1" 200 1207
[2025-12-12 16:01:08,448] INFO django.server:213 "GET /api/channel-analyses/ HTTP/1.1" 200 1207
[2025-12-12 16:02:09,290] INFO django.server:213 "GET /api/channel-analyses/ HTTP/1.1" 200 1207
[2025-12-12 16:03:10,103] INFO django.server:213 "GET /api/channel-analyses/ HTTP/1.1" 200 1207
[2025-12-12 16:04:10,998] INFO django.server:213 "GET /api/channel-analyses/ HTTP/1.1" 200 1207
[2025-12-12 16:05:11,796] INFO django.server:213 "GET /api/channel-analyses/ HTTP/1.1" 200 1207
[2025-12-12 16:05:42,210] INFO django.server:213 "GET /api/channel-analyses/ HTTP/1.1" 200 1207
[2025-12-12 16:05:45,700] INFO django.server:213 "GET /api/channel-analyses/ HTTP/1.1" 200 1207
[2025-12-12 16:05:50,659] INFO django.server:213 "GET /api/channel-analyses/ HTTP/1.1" 200 1207
[2025-12-12 16:05:55,638] INFO django.server:213 "GET /api/channel-analyses/ HTTP/1.1" 200 1207
[2025-12-12 16:06:00,633] INFO django.server:213 "GET /api/channel-analyses/ HTTP/1.1" 200 1207
[2025-12-12 16:06:05,654] INFO django.server:213 "GET /api/channel-analyses/ HTTP/1.1" 200 1207
[2025-12-12 16:06:10,666] INFO django.server:213 "GET /api/channel-analyses/ HTTP/1.1" 200 1207
[2025-12-12 16:06:15,648] INFO django.server:213 "GET /api/channel-analyses/ HTTP/1.1" 200 1207
[2025-12-12 16:06:20,654] INFO django.server:213 "GET /api/channel-analyses/ HTTP/1.1" 200 1207
[2025-12-12 16:06:25,658] INFO django.server:213 "GET /api/channel-analyses/ HTTP/1.1" 200 1207
[2025-12-12 16:06:30,645] INFO django.server:213 "GET /api/channel-analyses/ HTTP/1.1" 200 1207
[2025-12-12 16:06:35,651] INFO django.server:213 "GET /api/channel-analyses/ HTTP/1.1" 200 1207
[2025-12-12 16:06:40,643] INFO django.server:213 "GET /api/channel-analyses/ HTTP/1.1" 200 1207
[2025-12-12 16:06:45,659] INFO django.server:213 "GET /api/channel-analyses/ HTTP/1.1" 200 1207
[2025-12-12 16:06:50,658] INFO django.server:213 "GET /api/channel-analyses/ HTTP/1.1" 200 1207
[2025-12-12 16:06:55,674] INFO django.server:213 "GET /api/channel-analyses/ HTTP/1.1" 200 1207
[2025-12-12 16:07:00,672] INFO django.server:213 "GET /api/channel-analyses/ HTTP/1.1" 200 1207
[2025-12-12 16:07:46,102] INFO django.server:213 "GET /api/channel-analyses/ HTTP/1.1" 200 1207
[2025-12-12 16:07:50,675] INFO django.server:213 "GET /api/channel-analyses/ HTTP/1.1" 200 1207
[2025-12-12 16:07:55,644] INFO django.server:213 "GET /api/channel-analyses/ HTTP/1.1" 200 1207
[2025-12-12 16:08:00,659] INFO django.server:213 "GET /api/channel-analyses/ HTTP/1.1" 200 1207
[2025-12-12 16:08:05,635] INFO django.server:213 "GET /api/channel-analyses/ HTTP/1.1" 200 1207
[2025-12-12 16:08:10,673] INFO django.server:213 "GET /api/channel-analyses/ HTTP/1.1" 200 1207
[2025-12-12 16:08:10,706] INFO django.server:213 "OPTIONS /api/tg_channel/ HTTP/1.1" 200 0
[2025-12-12 16:08:11,224] INFO django.server:213 "POST /api/tg_channel/ HTTP/1.1" 200 185
[2025-12-12 16:08:15,642] INFO django.server:213 "GET /api/channel-analyses/ HTTP/1.1" 200 1475
[2025-12-12 16:08:20,663] INFO django.server:213 "GET /api/channel-analyses/ HTTP/1.1" 200 1475
[2025-12-12 16:08:25,635] INFO django.server:213 "GET /api/channel-analyses/ HTTP/1.1" 200 1570
[2025-12-12 16:08:30,673] INFO django.server:213 "GET /api/channel-analyses/ HTTP/1.1" 200 1570
[2025-12-12 16:08:35,644] INFO django.server:213 "GET /api/channel-analyses/ HTTP/1.1" 200 1570
[2025-12-12 16:08:40,680] INFO django.server:213 "GET /api/channel-analyses/ HTTP/1.1" 200 1570
[2025-12-12 16:08:45,637] INFO django.server:213 "GET /api/channel-analyses/ HTTP/1.1" 200 1570
[2025-12-12 16:08:50,662] INFO django.server:213 "GET /api/channel-analyses/ HTTP/1.1" 200 1570
[2025-12-12 16:08:51,168] INFO django.server:213 "GET /api/channel-analyses/5/ HTTP/1.1" 200 3442
[2025-12-12 16:08:51,431] INFO django.server:213 "GET /api/channel-analyses/5/ HTTP/1.1" 200 3442
[2025-12-12 16:18:08,091] INFO django.server:213 "GET /django-admin/core/post/64/change/ HTTP/1.1" 200 65489
[2025-12-12 16:18:08,399] INFO django.server:213 "GET /django-admin/jsi18n/ HTTP/1.1" 200 3342
[2025-12-12 16:18:08,698] INFO django.server:213 "GET /static/admin/img/icon-calendar.svg HTTP/1.1" 304 0
[2025-12-12 16:18:08,699] INFO django.server:213 "GET /static/admin/img/icon-clock.svg HTTP/1.1" 304 0
[2025-12-12 16:18:09,335] WARNING django.server:213 "GET /favicon.ico HTTP/1.1" 404 3894
[2025-12-12 16:18:23,477] INFO django.server:213 "GET /django-admin/core/client/ HTTP/1.1" 200 21110
[2025-12-12 16:18:23,513] INFO django.server:213 "GET /static/admin/css/base.css HTTP/1.1" 304 0
[2025-12-12 16:18:23,514] INFO django.server:213 "GET /static/admin/css/dark_mode.css HTTP/1.1" 304 0
[2025-12-12 16:18:23,514] INFO django.server:213 "GET /static/admin/css/nav_sidebar.css HTTP/1.1" 304 0
[2025-12-12 16:18:23,516] INFO django.server:213 "GET /static/admin/js/theme.js HTTP/1.1" 304 0
[2025-12-12 16:18:23,516] INFO django.server:213 "GET /static/admin/js/vendor/jquery/jquery.js HTTP/1.1" 304 0
[2025-12-12 16:18:23,516] INFO django.server:213 "GET /static/admin/css/changelists.css HTTP/1.1" 304 0
[2025-12-12 16:18:23,519] INFO django.server:213 "GET /static/admin/css/responsive.css HTTP/1.1" 304 0
[2025-12-12 16:18:23,519] INFO django.server:213 "GET /static/admin/js/jquery.init.js HTTP/1.1" 304 0
[2025-12-12 16:18:23,520] INFO django.server:213 "GET /static/admin/js/core.js HTTP/1.1" 304 0
[2025-12-12 16:18:23,521] INFO django.server:213 "GET /static/admin/js/actions.js HTTP/1.1" 304 0
[2025-12-12 16:18:23,522] INFO django.server:213 "GET /static/admin/js/admin/RelatedObjectLookups.js HTTP/1.1" 304 0
[2025-12-12 16:18:23,523] INFO django.server:213 "GET /static/admin/js/urlify.js HTTP/1.1" 304 0
[2025-12-12 16:18:23,523] INFO django.server:213 "GET /static/admin/js/vendor/xregexp/xregexp.js HTTP/1.1" 304 0
[2025-12-12 16:18:23,523] INFO django.server:213 "GET /static/admin/js/prepopulate.js HTTP/1.1" 304 0
[2025-12-12 16:18:23,529] INFO django.server:213 "GET /static/admin/img/search.svg HTTP/1.1" 304 0
[2025-12-12 16:18:23,543] INFO django.server:213 "GET /static/admin/js/nav_sidebar.js HTTP/1.1" 304 0
[2025-12-12 16:18:23,546] INFO django.server:213 "GET /static/admin/js/filters.js HTTP/1.1" 304 0
[2025-12-12 16:18:23,978] INFO django.server:213 "GET /django-admin/jsi18n/ HTTP/1.1" 200 3342
[2025-12-12 16:18:23,998] INFO django.server:213 "GET /static/admin/img/tooltag-add.svg HTTP/1.1" 304 0
[2025-12-12 16:18:26,915] INFO django.server:213 "GET /django-admin/core/client/5/change/ HTTP/1.1" 200 58217
[2025-12-12 16:18:26,949] INFO django.server:213 "GET /static/admin/css/forms.css HTTP/1.1" 304 0
[2025-12-12 16:18:26,950] INFO django.server:213 "GET /static/admin/js/inlines.js HTTP/1.1" 304 0
[2025-12-12 16:18:26,950] INFO django.server:213 "GET /static/admin/js/prepopulate_init.js HTTP/1.1" 304 0
[2025-12-12 16:18:26,976] INFO django.server:213 "GET /static/admin/css/widgets.css HTTP/1.1" 304 0
[2025-12-12 16:18:26,980] INFO django.server:213 "GET /static/admin/img/icon-unknown.svg HTTP/1.1" 304 0
[2025-12-12 16:18:26,981] INFO django.server:213 "GET /static/admin/js/change_form.js HTTP/1.1" 304 0
[2025-12-12 16:18:27,098] INFO django.server:213 "GET /django-admin/jsi18n/ HTTP/1.1" 200 3342
[2025-12-12 16:18:27,112] INFO django.server:213 "GET /static/admin/img/icon-changelink.svg HTTP/1.1" 304 0
[2025-12-12 16:24:10,461] WARNING django.server:213 "GET /api/posts/ HTTP/1.1" 401 172
[2025-12-12 16:24:10,461] WARNING django.server:213 "GET /api/templates/ HTTP/1.1" 401 172
[2025-12-12 16:24:10,947] INFO django.server:213 "POST /api/auth/refresh/ HTTP/1.1" 200 244
[2025-12-12 16:24:11,223] INFO django.server:213 "GET /api/templates/ HTTP/1.1" 200 17339
[2025-12-12 16:24:11,928] INFO django.server:213 "GET /api/posts/ HTTP/1.1" 200 1249
[2025-12-12 16:24:28,771] INFO django.server:213 "GET /api/channel-analyses/5/ HTTP/1.1" 200 3515
[2025-12-12 16:27:07,009] INFO django.server:213 "GET /django-admin/core/systemsetting/ HTTP/1.1" 200 17793
[2025-12-12 16:27:09,745] INFO django.server:213 "GET /django-admin/core/systemsetting/1/change/ HTTP/1.1" 200 25340
[2025-12-12 16:27:09,934] INFO django.server:213 "GET /django-admin/jsi18n/ HTTP/1.1" 200 3342
[2025-12-12 16:27:42,142] INFO django.server:81 - Broken pipe from ('127.0.0.1', 59377)
[2025-12-12 16:27:42,720] INFO django.server:213 "POST /django-admin/core/systemsetting/1/change/ HTTP/1.1" 302 0
[2025-12-12 16:27:43,060] INFO django.server:213 "GET /django-admin/core/systemsetting/1/change/ HTTP/1.1" 200 25598
[2025-12-12 16:27:43,219] INFO django.server:213 "GET /django-admin/jsi18n/ HTTP/1.1" 200 3342
[2025-12-12 16:27:43,233] INFO django.server:213 "GET /static/admin/img/icon-yes.svg HTTP/1.1" 304 0
[2025-12-12 16:28:55,665] INFO django.server:213 "GET /api/channel-analyses/ HTTP/1.1" 200 1570
[2025-12-12 16:28:55,935] INFO django.server:213 "GET /api/channel-analyses/ HTTP/1.1" 200 1570
[2025-12-12 16:29:00,673] INFO django.server:213 "GET /api/channel-analyses/ HTTP/1.1" 200 1570
[2025-12-12 16:29:02,617] INFO django.server:213 "POST /api/tg_channel/ HTTP/1.1" 200 171
[2025-12-12 16:29:05,646] INFO django.server:213 "GET /api/channel-analyses/ HTTP/1.1" 200 1824
[2025-12-12 16:29:10,703] INFO django.server:213 "GET /api/channel-analyses/ HTTP/1.1" 200 1824
[2025-12-12 16:29:15,647] INFO django.server:213 "GET /api/channel-analyses/ HTTP/1.1" 200 1824
[2025-12-12 16:29:20,701] INFO django.server:213 "GET /api/channel-analyses/ HTTP/1.1" 200 1824
[2025-12-12 16:29:25,661] INFO django.server:213 "GET /api/channel-analyses/ HTTP/1.1" 200 1824
[2025-12-12 16:29:30,642] INFO django.server:213 "GET /api/channel-analyses/ HTTP/1.1" 200 1824
[2025-12-12 16:29:35,701] INFO django.server:213 "GET /api/channel-analyses/ HTTP/1.1" 200 1851
[2025-12-12 16:29:40,325] INFO django.server:213 "GET /api/channel-analyses/6/ HTTP/1.1" 200 2497
[2025-12-12 16:29:40,581] INFO django.server:213 "GET /api/channel-analyses/6/ HTTP/1.1" 200 2497
[2025-12-12 16:31:18,843] INFO django.server:213 "GET /api/channel-analyses/ HTTP/1.1" 200 1851
[2025-12-12 16:31:19,124] INFO django.server:213 "GET /api/channel-analyses/ HTTP/1.1" 200 1851
[2025-12-12 16:31:23,355] INFO django.server:213 "GET /api/channel-analyses/ HTTP/1.1" 200 1851
[2025-12-12 16:31:28,727] INFO django.server:213 "GET /api/channel-analyses/ HTTP/1.1" 200 1851
[2025-12-12 16:31:33,742] INFO django.server:213 "GET /api/channel-analyses/ HTTP/1.1" 200 1851
[2025-12-12 16:31:38,687] INFO django.server:213 "GET /api/channel-analyses/ HTTP/1.1" 200 1851
[2025-12-12 16:31:43,739] INFO django.server:213 "GET /api/channel-analyses/ HTTP/1.1" 200 1851
[2025-12-12 16:31:48,732] INFO django.server:213 "GET /api/channel-analyses/ HTTP/1.1" 200 1851
[2025-12-12 16:31:53,691] INFO django.server:213 "GET /api/channel-analyses/ HTTP/1.1" 200 1851
[2025-12-12 16:31:58,684] INFO django.server:213 "GET /api/channel-analyses/ HTTP/1.1" 200 1851
[2025-12-12 16:32:03,701] INFO django.server:213 "GET /api/channel-analyses/ HTTP/1.1" 200 1851
[2025-12-12 16:32:08,730] INFO django.server:213 "GET /api/channel-analyses/ HTTP/1.1" 200 1851
[2025-12-12 16:32:13,693] INFO django.server:213 "GET /api/channel-analyses/ HTTP/1.1" 200 1851
[2025-12-12 16:32:18,689] INFO django.server:213 "GET /api/channel-analyses/ HTTP/1.1" 200 1851
[2025-12-12 16:32:23,689] INFO django.server:213 "GET /api/channel-analyses/ HTTP/1.1" 200 1851
[2025-12-12 16:32:28,669] INFO django.server:213 "GET /api/channel-analyses/ HTTP/1.1" 200 1851
[2025-12-12 16:32:33,710] INFO django.server:213 "GET /api/channel-analyses/ HTTP/1.1" 200 1851
[2025-12-12 16:32:36,576] INFO django.server:213 "POST /api/tg_channel/ HTTP/1.1" 200 171
[2025-12-12 16:32:38,340] INFO django.server:213 "GET /api/channel-analyses/ HTTP/1.1" 200 2105
[2025-12-12 16:32:41,918] INFO django.server:213 "GET /api/channel-analyses/7/ HTTP/1.1" 200 278
[2025-12-12 16:32:42,157] INFO django.server:213 "GET /api/channel-analyses/7/ HTTP/1.1" 200 278
[2025-12-12 16:34:33,683] INFO django.server:213 "GET /api/channel-analyses/7/ HTTP/1.1" 200 1781
[2025-12-12 16:58:52,808] INFO django.server:213 "GET /django-admin/core/client/ HTTP/1.1" 200 21110
[2025-12-12 16:58:53,015] INFO django.server:213 "GET /django-admin/jsi18n/ HTTP/1.1" 200 3342
[2025-12-12 16:58:53,112] INFO django.server:213 "GET /static/admin/img/icon-addlink.svg HTTP/1.1" 304 0
[2025-12-12 17:00:33,160] INFO django.server:213 "GET /django-admin/core/systemsetting/ HTTP/1.1" 200 17793
[2025-12-12 17:00:37,704] INFO django.server:213 "GET /django-admin/core/systemsetting/1/change/ HTTP/1.1" 200 25340
[2025-12-12 17:00:37,931] INFO django.server:213 "GET /django-admin/jsi18n/ HTTP/1.1" 200 3342
[2025-12-12 17:03:50,548] INFO django.server:213 "POST /django-admin/core/systemsetting/1/change/ HTTP/1.1" 302 0
[2025-12-12 17:03:50,951] INFO django.server:213 "GET /django-admin/core/systemsetting/1/change/ HTTP/1.1" 200 25610
[2025-12-12 17:03:51,161] INFO django.server:213 "GET /django-admin/jsi18n/ HTTP/1.1" 200 3342
[2025-12-12 17:05:32,311] WARNING django.server:213 "GET /api/channel-analyses/ HTTP/1.1" 401 172
[2025-12-12 17:05:32,317] WARNING django.server:213 "GET /api/channel-analyses/ HTTP/1.1" 401 172
[2025-12-12 17:05:32,828] INFO django.server:213 "POST /api/auth/refresh/ HTTP/1.1" 200 244
[2025-12-12 17:05:33,122] INFO django.server:213 "GET /api/channel-analyses/ HTTP/1.1" 200 2132
[2025-12-12 17:05:33,388] INFO django.server:213 "GET /api/channel-analyses/ HTTP/1.1" 200 2132
[2025-12-12 17:05:37,492] INFO django.server:213 "GET /api/channel-analyses/ HTTP/1.1" 200 2132
[2025-12-12 17:05:42,852] INFO django.server:213 "GET /api/channel-analyses/ HTTP/1.1" 200 2132
[2025-12-12 17:05:47,496] INFO django.server:213 "GET /api/client/summary/ HTTP/1.1" 200 74
[2025-12-12 17:05:47,851] INFO django.server:213 "GET /api/client/summary/ HTTP/1.1" 200 74
[2025-12-12 17:07:41,168] INFO django.server:213 "GET /api/channel-analyses/ HTTP/1.1" 200 2132
[2025-12-12 17:07:41,443] INFO django.server:213 "GET /api/channel-analyses/ HTTP/1.1" 200 2132
[2025-12-12 17:07:46,182] INFO django.server:213 "GET /api/channel-analyses/ HTTP/1.1" 200 2132
[2025-12-12 17:07:51,114] INFO django.server:213 "GET /api/channel-analyses/ HTTP/1.1" 200 2132
[2025-12-12 17:07:56,133] INFO django.server:213 "GET /api/channel-analyses/ HTTP/1.1" 200 2132
[2025-12-12 17:08:01,141] INFO django.server:213 "GET /api/channel-analyses/ HTTP/1.1" 200 2132
[2025-12-12 17:08:06,144] INFO django.server:213 "GET /api/channel-analyses/ HTTP/1.1" 200 2132
[2025-12-12 17:08:11,163] INFO django.server:213 "GET /api/channel-analyses/ HTTP/1.1" 200 2132
[2025-12-12 17:08:16,132] INFO django.server:213 "GET /api/channel-analyses/ HTTP/1.1" 200 2132
[2025-12-12 17:08:21,240] INFO django.server:213 "GET /api/channel-analyses/ HTTP/1.1" 200 2132
[2025-12-12 17:08:26,115] INFO django.server:213 "GET /api/channel-analyses/ HTTP/1.1" 200 2132
[2025-12-12 17:08:26,562] INFO django.server:213 "POST /api/tg_channel/ HTTP/1.1" 200 171
[2025-12-12 17:08:31,133] INFO django.server:213 "GET /api/channel-analyses/ HTTP/1.1" 200 2386
[2025-12-12 17:08:36,185] INFO django.server:213 "GET /api/channel-analyses/ HTTP/1.1" 200 2386
[2025-12-12 17:08:41,188] INFO django.server:213 "GET /api/channel-analyses/ HTTP/1.1" 200 2386
[2025-12-12 17:08:46,103] INFO django.server:213 "GET /api/channel-analyses/ HTTP/1.1" 200 2386
[2025-12-12 17:08:51,140] INFO django.server:213 "GET /api/channel-analyses/ HTTP/1.1" 200 2386
[2025-12-12 17:08:55,705] INFO django.server:213 "GET /api/channel-analyses/ HTTP/1.1" 200 2386
[2025-12-12 17:09:00,636] INFO django.server:213 "GET /api/channel-analyses/ HTTP/1.1" 200 2386
[2025-12-12 17:09:05,649] INFO django.server:213 "GET /api/channel-analyses/ HTTP/1.1" 200 2386
[2025-12-12 17:09:06,082] INFO django.server:213 "GET /api/schedules/ HTTP/1.1" 200 2
[2025-12-12 17:09:06,274] INFO django.server:213 "GET /api/schedules/ HTTP/1.1" 200 2
[2025-12-12 17:09:08,937] INFO django.server:213 "GET /api/templates/ HTTP/1.1" 200 17339
[2025-12-12 17:09:09,357] INFO django.server:213 "GET /api/posts/ HTTP/1.1" 200 1249
[2025-12-12 17:09:09,557] INFO django.server:213 "GET /api/templates/ HTTP/1.1" 200 17339
[2025-12-12 17:09:10,049] INFO django.server:213 "GET /api/posts/ HTTP/1.1" 200 1249
[2025-12-12 17:09:19,660] INFO django.server:213 "GET /api/posts/65/ HTTP/1.1" 200 2925
[2025-12-12 17:09:19,691] INFO django.server:213 "GET /api/client/info/ HTTP/1.1" 200 74
[2025-12-12 17:09:19,913] INFO django.server:213 "GET /api/client/info/ HTTP/1.1" 200 74
[2025-12-12 17:09:20,068] INFO django.server:213 "GET /api/posts/65/ HTTP/1.1" 200 2925
[2025-12-12 17:09:20,131] INFO django.server:213 "GET /api/client/info/ HTTP/1.1" 200 74
[2025-12-12 17:09:20,343] INFO django.server:213 "GET /api/client/info/ HTTP/1.1" 200 74
[2025-12-12 17:09:20,465] INFO django.server:213 "GET /api/posts/65/ HTTP/1.1" 200 2925
[2025-12-12 17:09:20,533] INFO django.server:213 "GET /api/client/info/ HTTP/1.1" 200 74
[2025-12-12 17:09:29,552] INFO django.server:81 - Broken pipe from ('127.0.0.1', 61167)
[2025-12-12 17:09:30,839] INFO django.server:213 "GET /api/templates/ HTTP/1.1" 200 17339
[2025-12-12 17:09:31,208] INFO django.server:213 "GET /api/posts/ HTTP/1.1" 200 1249
[2025-12-12 17:11:08,010] INFO django.server:213 "GET /api/channel-analyses/ HTTP/1.1" 200 2413
[2025-12-12 17:11:08,327] INFO django.server:213 "GET /api/channel-analyses/ HTTP/1.1" 200 2413
[2025-12-12 17:11:11,850] INFO django.server:213 "GET /api/channel-analyses/8/ HTTP/1.1" 200 3445
[2025-12-12 17:11:12,101] INFO django.server:213 "GET /api/channel-analyses/8/ HTTP/1.1" 200 3445
[2025-12-12 17:14:57,833] INFO django.server:213 "GET /django-admin/core/client/ HTTP/1.1" 200 21110
[2025-12-12 17:14:58,025] INFO django.server:213 "GET /django-admin/jsi18n/ HTTP/1.1" 200 3342
[2025-12-12 17:15:39,697] INFO django.server:213 "GET /django-admin/core/client/5/change/ HTTP/1.1" 200 58217
[2025-12-12 17:15:39,898] INFO django.server:213 "GET /django-admin/jsi18n/ HTTP/1.1" 200 3342
[2025-12-12 17:23:03,591] INFO django.server:213 "GET /django-admin/core/systemsetting/ HTTP/1.1" 200 17805
[2025-12-12 17:23:07,852] INFO django.server:213 "GET /django-admin/core/systemsetting/1/change/ HTTP/1.1" 200 25352
[2025-12-12 17:23:08,049] INFO django.server:213 "GET /django-admin/jsi18n/ HTTP/1.1" 200 3342
[2025-12-12 17:26:26,753] INFO django.server:213 "GET /api/channel-analyses/ HTTP/1.1" 200 2413
[2025-12-12 17:26:27,036] INFO django.server:213 "GET /api/channel-analyses/ HTTP/1.1" 200 2413
[2025-12-12 17:26:31,407] INFO django.server:213 "GET /api/channel-analyses/ HTTP/1.1" 200 2413
[2025-12-12 17:26:32,647] INFO django.server:213 "POST /api/tg_channel/ HTTP/1.1" 200 185
[2025-12-12 17:26:36,049] INFO django.server:213 "GET /api/channel-analyses/ HTTP/1.1" 200 2681
[2025-12-12 17:26:41,449] INFO django.server:213 "GET /api/channel-analyses/ HTTP/1.1" 200 2681
[2025-12-12 17:26:56,616] INFO django.server:213 "GET /api/channel-analyses/ HTTP/1.1" 200 2681
[2025-12-12 17:27:01,466] INFO django.server:213 "GET /api/channel-analyses/ HTTP/1.1" 200 2681
[2025-12-12 17:27:06,410] INFO django.server:213 "GET /api/channel-analyses/ HTTP/1.1" 200 2681
[2025-12-12 17:27:11,506] INFO django.server:213 "GET /api/channel-analyses/ HTTP/1.1" 200 2681
[2025-12-12 17:27:16,467] INFO django.server:213 "GET /api/channel-analyses/ HTTP/1.1" 200 2681
[2025-12-12 17:27:21,478] INFO django.server:213 "GET /api/channel-analyses/ HTTP/1.1" 200 2681
[2025-12-12 17:27:26,417] INFO django.server:213 "GET /api/channel-analyses/ HTTP/1.1" 200 2776
[2025-12-12 17:27:31,548] INFO django.server:213 "GET /api/channel-analyses/ HTTP/1.1" 200 2776
[2025-12-12 17:27:36,443] INFO django.server:213 "GET /api/channel-analyses/ HTTP/1.1" 200 2776
[2025-12-12 17:27:41,564] INFO django.server:213 "GET /api/channel-analyses/ HTTP/1.1" 200 2776
[2025-12-12 17:27:43,846] INFO django.server:213 "GET /api/channel-analyses/9/ HTTP/1.1" 200 6519
[2025-12-12 17:27:44,123] INFO django.server:213 "GET /api/channel-analyses/9/ HTTP/1.1" 200 6519
[2025-12-12 17:30:33,732] ERROR django.server:213 "GET /django-admin/core/systemsetting/1/change/ HTTP/1.1" 500 193630
[2025-12-12 17:40:20,864] WARNING django.server:213 "GET /api/channel-analyses/ HTTP/1.1" 401 172
[2025-12-12 17:40:21,328] INFO django.server:213 "POST /api/auth/refresh/ HTTP/1.1" 200 244
[2025-12-12 17:40:21,654] INFO django.server:213 "GET /api/channel-analyses/ HTTP/1.1" 200 2776
[2025-12-12 17:40:26,538] INFO django.server:213 "GET /api/channel-analyses/ HTTP/1.1" 200 2776
[2025-12-12 17:40:31,488] INFO django.server:213 "GET /api/channel-analyses/ HTTP/1.1" 200 2776
[2025-12-12 17:40:36,558] INFO django.server:213 "GET /api/channel-analyses/ HTTP/1.1" 200 2776
[2025-12-12 17:40:41,521] INFO django.server:213 "GET /api/channel-analyses/ HTTP/1.1" 200 2776
[2025-12-12 17:40:44,649] INFO django.server:213 "GET /api/channel-analyses/9/ HTTP/1.1" 200 6519
[2025-12-12 17:40:44,939] INFO django.server:213 "GET /api/channel-analyses/9/ HTTP/1.1" 200 6519
[2025-12-12 17:40:54,908] INFO django.server:213 "GET /api/channel-analyses/ HTTP/1.1" 200 2776
[2025-12-12 17:40:55,231] INFO django.server:213 "GET /api/channel-analyses/ HTTP/1.1" 200 2776
[2025-12-12 17:40:59,668] INFO django.server:213 "GET /api/channel-analyses/ HTTP/1.1" 200 2776
[2025-12-12 17:40:59,904] INFO django.server:213 "POST /api/tg_channel/ HTTP/1.1" 200 171
[2025-12-12 17:41:04,665] INFO django.server:213 "GET /api/channel-analyses/ HTTP/1.1" 200 3031
[2025-12-12 17:41:09,727] INFO django.server:213 "GET /api/channel-analyses/ HTTP/1.1" 200 3031
[2025-12-12 17:41:14,636] INFO django.server:213 "GET /api/channel-analyses/ HTTP/1.1" 200 3031
[2025-12-12 17:41:19,711] INFO django.server:213 "GET /api/channel-analyses/ HTTP/1.1" 200 3031
[2025-12-12 17:41:24,689] INFO django.server:213 "GET /api/channel-analyses/ HTTP/1.1" 200 3031
[2025-12-12 17:41:29,721] INFO django.server:213 "GET /api/channel-analyses/ HTTP/1.1" 200 3031
[2025-12-12 17:41:34,734] INFO django.server:213 "GET /api/channel-analyses/ HTTP/1.1" 200 3031
[2025-12-12 17:41:39,649] INFO django.server:213 "GET /api/channel-analyses/ HTTP/1.1" 200 3031
[2025-12-12 17:41:44,641] INFO django.server:213 "GET /api/channel-analyses/ HTTP/1.1" 200 3031
[2025-12-12 17:41:49,659] INFO django.server:213 "GET /api/channel-analyses/ HTTP/1.1" 200 3031
[2025-12-12 17:41:54,633] INFO django.server:213 "GET /api/channel-analyses/ HTTP/1.1" 200 3031
[2025-12-12 17:41:59,670] INFO django.server:213 "GET /api/channel-analyses/ HTTP/1.1" 200 3031
[2025-12-12 17:42:05,012] INFO django.server:213 "GET /api/channel-analyses/ HTTP/1.1" 200 3031
[2025-12-12 17:42:06,837] ERROR django.server:213 "GET /django-admin/core/systemsetting/1/change/ HTTP/1.1" 500 193630
[2025-12-12 17:42:10,076] INFO django.server:213 "GET /api/channel-analyses/ HTTP/1.1" 200 3031
[2025-12-12 17:42:14,953] INFO django.server:213 "GET /api/channel-analyses/ HTTP/1.1" 200 3031
[2025-12-12 17:42:19,919] INFO django.server:213 "GET /api/channel-analyses/ HTTP/1.1" 200 3031
[2025-12-12 17:42:24,908] INFO django.server:213 "GET /api/channel-analyses/ HTTP/1.1" 200 3031
[2025-12-12 17:42:30,127] INFO django.server:213 "GET /api/channel-analyses/ HTTP/1.1" 200 3031
[2025-12-12 17:42:34,912] INFO django.server:213 "GET /api/channel-analyses/ HTTP/1.1" 200 3031
[2025-12-12 17:42:39,924] INFO django.server:213 "GET /api/channel-analyses/ HTTP/1.1" 200 3031
[2025-12-12 17:42:44,920] INFO django.server:213 "GET /api/channel-analyses/ HTTP/1.1" 200 3058
[2025-12-12 17:42:49,933] INFO django.server:213 "GET /api/channel-analyses/ HTTP/1.1" 200 3058
[2025-12-12 17:42:54,956] INFO django.server:213 "GET /api/channel-analyses/ HTTP/1.1" 200 3058
[2025-12-12 17:42:59,891] INFO django.server:213 "GET /api/channel-analyses/ HTTP/1.1" 200 3058
[2025-12-12 17:43:39,946] INFO django.server:213 "GET /api/channel-analyses/ HTTP/1.1" 200 3058
[2025-12-12 17:44:07,188] ERROR django.server:213 "GET /django-admin/core/systemsetting/1/change/ HTTP/1.1" 500 193630
[2025-12-12 17:44:39,941] INFO django.server:213 "GET /api/channel-analyses/ HTTP/1.1" 200 3058
[2025-12-12 17:45:39,942] INFO django.server:213 "GET /api/channel-analyses/ HTTP/1.1" 200 3058
[2025-12-12 17:46:39,940] INFO django.server:213 "GET /api/channel-analyses/ HTTP/1.1" 200 3058
[2025-12-12 17:47:39,973] INFO django.server:213 "GET /api/channel-analyses/ HTTP/1.1" 200 3058
[2025-12-12 17:48:40,000] INFO django.server:213 "GET /api/channel-analyses/ HTTP/1.1" 200 3058
[2025-12-12 17:49:58,045] INFO django.server:213 "GET /django-admin/core/systemsetting/1/change/ HTTP/1.1" 200 26449
[2025-12-12 17:49:58,850] INFO django.server:213 "GET /django-admin/jsi18n/ HTTP/1.1" 200 3342
[2025-12-12 17:50:40,167] INFO django.server:213 "GET /api/channel-analyses/ HTTP/1.1" 200 3058
[2025-12-12 17:51:06,586] INFO django.server:213 "POST /django-admin/core/systemsetting/1/change/ HTTP/1.1" 302 0
[2025-12-12 17:51:06,936] INFO django.server:213 "GET /django-admin/core/systemsetting/1/change/ HTTP/1.1" 200 26717
[2025-12-12 17:51:07,116] INFO django.server:213 "GET /django-admin/jsi18n/ HTTP/1.1" 200 3342
[2025-12-12 17:51:39,974] INFO django.server:213 "GET /api/channel-analyses/ HTTP/1.1" 200 3058
[2025-12-12 17:52:40,006] INFO django.server:213 "GET /api/channel-analyses/ HTTP/1.1" 200 3058
[2025-12-12 17:53:40,024] INFO django.server:213 "GET /api/channel-analyses/ HTTP/1.1" 200 3058
[2025-12-12 17:54:05,250] INFO django.server:213 "GET /django-admin/core/post/ HTTP/1.1" 200 74854
[2025-12-12 17:54:05,514] INFO django.server:213 "GET /django-admin/jsi18n/ HTTP/1.1" 200 3342
[2025-12-12 17:54:05,538] INFO django.server:213 "GET /static/admin/img/sorting-icons.svg HTTP/1.1" 304 0
[2025-12-12 17:54:05,629] INFO django.server:213 "GET /static/admin/img/icon-viewlink.svg HTTP/1.1" 304 0
[2025-12-12 17:54:39,999] INFO django.server:213 "GET /api/channel-analyses/ HTTP/1.1" 200 3058
[2025-12-12 17:55:39,900] INFO django.server:213 "GET /api/channel-analyses/ HTTP/1.1" 200 3058
[2025-12-12 17:56:39,990] INFO django.server:213 "GET /api/channel-analyses/ HTTP/1.1" 200 3058
[2025-12-12 17:57:39,969] INFO django.server:213 "GET /api/channel-analyses/ HTTP/1.1" 200 3058
[2025-12-12 17:58:40,093] INFO django.server:213 "GET /api/channel-analyses/ HTTP/1.1" 200 3058
[2025-12-12 17:59:40,012] INFO django.server:213 "GET /api/channel-analyses/ HTTP/1.1" 200 3058
[2025-12-12 18:00:39,994] INFO django.server:213 "GET /api/channel-analyses/ HTTP/1.1" 200 3058
[2025-12-12 18:01:40,237] INFO django.server:213 "GET /api/channel-analyses/ HTTP/1.1" 200 3058
[2025-12-12 18:02:40,055] INFO django.server:213 "GET /api/channel-analyses/ HTTP/1.1" 200 3058
[2025-12-12 18:03:39,996] INFO django.server:213 "GET /api/channel-analyses/ HTTP/1.1" 200 3058
[2025-12-12 18:04:25,511] INFO django.server:213 "GET /api/channel-analyses/ HTTP/1.1" 200 3058
[2025-12-12 18:04:29,742] INFO django.server:213 "GET /api/channel-analyses/ HTTP/1.1" 200 3058
[2025-12-12 18:04:34,819] INFO django.server:213 "GET /api/channel-analyses/ HTTP/1.1" 200 3058
[2025-12-12 18:04:38,387] INFO django.server:213 "GET /api/channel-analyses/10/ HTTP/1.1" 200 5215
[2025-12-12 18:04:39,067] INFO django.server:213 "GET /api/channel-analyses/10/ HTTP/1.1" 200 5215
[2025-12-12 18:29:24,290] WARNING django.server:213 "GET /api/channel-analyses/ HTTP/1.1" 401 172
[2025-12-12 18:29:24,293] WARNING django.server:213 "GET /api/channel-analyses/ HTTP/1.1" 401 172
[2025-12-12 18:29:24,293] INFO django.server:213 "OPTIONS /api/auth/refresh/ HTTP/1.1" 200 0
[2025-12-12 18:29:24,944] INFO django.server:213 "POST /api/auth/refresh/ HTTP/1.1" 200 244
[2025-12-12 18:29:25,285] INFO django.server:213 "GET /api/channel-analyses/ HTTP/1.1" 200 3058
[2025-12-12 18:29:25,580] INFO django.server:213 "GET /api/channel-analyses/ HTTP/1.1" 200 3058
[2025-12-12 18:29:29,420] INFO django.server:213 "GET /api/channel-analyses/ HTTP/1.1" 200 3058
[2025-12-12 18:29:34,922] INFO django.server:213 "GET /api/channel-analyses/ HTTP/1.1" 200 3058
[2025-12-12 18:29:39,465] INFO django.server:213 "GET /api/channel-analyses/ HTTP/1.1" 200 3058
[2025-12-12 18:29:45,459] INFO django.server:213 "GET /api/channel-analyses/ HTTP/1.1" 200 3058
[2025-12-12 18:29:49,669] INFO django.server:213 "GET /api/channel-analyses/ HTTP/1.1" 200 3058
[2025-12-12 18:29:54,516] INFO django.server:213 "GET /api/channel-analyses/ HTTP/1.1" 200 3058
[2025-12-12 18:29:59,557] INFO django.server:213 "GET /api/channel-analyses/ HTTP/1.1" 200 3058
[2025-12-12 18:30:04,431] INFO django.server:213 "GET /api/channel-analyses/ HTTP/1.1" 200 3058
[2025-12-12 18:30:09,928] INFO django.server:213 "GET /api/channel-analyses/ HTTP/1.1" 200 3058
[2025-12-12 18:30:14,444] INFO django.server:213 "GET /api/channel-analyses/ HTTP/1.1" 200 3058
[2025-12-12 18:30:19,856] INFO django.server:213 "GET /api/channel-analyses/ HTTP/1.1" 200 3058
[2025-12-12 18:30:24,431] INFO django.server:213 "GET /api/channel-analyses/ HTTP/1.1" 200 3058
[2025-12-12 18:30:29,843] INFO django.server:213 "GET /api/channel-analyses/ HTTP/1.1" 200 3058
[2025-12-12 18:30:34,410] INFO django.server:213 "GET /api/channel-analyses/ HTTP/1.1" 200 3058
[2025-12-12 18:30:39,844] INFO django.server:213 "GET /api/channel-analyses/ HTTP/1.1" 200 3058
[2025-12-12 18:30:49,932] INFO django.server:213 "GET /api/channel-analyses/ HTTP/1.1" 200 3058
[2025-12-12 18:30:54,453] INFO django.server:213 "GET /api/channel-analyses/ HTTP/1.1" 200 3058
[2025-12-12 18:30:59,805] INFO django.server:213 "GET /api/channel-analyses/ HTTP/1.1" 200 3058
[2025-12-12 18:31:04,408] INFO django.server:213 "GET /api/channel-analyses/ HTTP/1.1" 200 3058
[2025-12-12 18:31:09,839] INFO django.server:213 "GET /api/channel-analyses/ HTTP/1.1" 200 3058
[2025-12-12 18:31:14,498] INFO django.server:213 "GET /api/channel-analyses/ HTTP/1.1" 200 3058
[2025-12-12 18:31:25,413] INFO django.server:213 "GET /api/channel-analyses/ HTTP/1.1" 200 3058
[2025-12-12 18:31:29,800] INFO django.server:213 "GET /api/channel-analyses/ HTTP/1.1" 200 3058
[2025-12-12 18:31:34,905] INFO django.server:213 "GET /api/channel-analyses/ HTTP/1.1" 200 3058
[2025-12-12 18:31:44,902] INFO django.server:213 "GET /api/channel-analyses/ HTTP/1.1" 200 3058
[2025-12-12 18:31:49,810] INFO django.server:213 "GET /api/channel-analyses/ HTTP/1.1" 200 3058
[2025-12-12 18:31:55,547] INFO django.server:213 "GET /api/channel-analyses/ HTTP/1.1" 200 3058
[2025-12-12 18:31:59,847] INFO django.server:213 "GET /api/channel-analyses/ HTTP/1.1" 200 3058
[2025-12-12 18:32:04,860] INFO django.server:213 "GET /api/channel-analyses/ HTTP/1.1" 200 3058
[2025-12-12 18:32:09,824] INFO django.server:213 "GET /api/channel-analyses/ HTTP/1.1" 200 3058
[2025-12-12 18:32:14,805] INFO django.server:213 "GET /api/channel-analyses/ HTTP/1.1" 200 3058
[2025-12-12 18:32:19,811] INFO django.server:213 "GET /api/channel-analyses/ HTTP/1.1" 200 3058
[2025-12-12 18:32:25,465] INFO django.server:213 "GET /api/channel-analyses/ HTTP/1.1" 200 3058
[2025-12-12 18:32:29,810] INFO django.server:213 "GET /api/channel-analyses/ HTTP/1.1" 200 3058
[2025-12-12 18:32:34,955] INFO django.server:213 "GET /api/channel-analyses/ HTTP/1.1" 200 3058
[2025-12-12 18:32:39,785] INFO django.server:213 "GET /api/channel-analyses/ HTTP/1.1" 200 3058
[2025-12-12 18:32:44,892] INFO django.server:213 "GET /api/channel-analyses/ HTTP/1.1" 200 3058
[2025-12-12 18:33:21,341] INFO django.server:213 "GET /api/channel-analyses/ HTTP/1.1" 200 3058
[2025-12-12 18:34:21,333] INFO django.server:213 "GET /api/channel-analyses/ HTTP/1.1" 200 3058
[2025-12-12 18:35:21,218] INFO django.server:213 "GET /api/channel-analyses/ HTTP/1.1" 200 3058
[2025-12-12 18:36:21,288] INFO django.server:213 "GET /api/channel-analyses/ HTTP/1.1" 200 3058
[2025-12-12 18:37:21,325] INFO django.server:213 "GET /api/channel-analyses/ HTTP/1.1" 200 3058
[2025-12-12 18:38:21,347] INFO django.server:213 "GET /api/channel-analyses/ HTTP/1.1" 200 3058
[2025-12-12 18:39:21,324] INFO django.server:213 "GET /api/channel-analyses/ HTTP/1.1" 200 3058
[2025-12-12 18:40:21,831] INFO django.server:213 "GET /api/channel-analyses/ HTTP/1.1" 200 3058
[2025-12-12 18:41:21,372] INFO django.server:213 "GET /api/channel-analyses/ HTTP/1.1" 200 3058
[2025-12-12 18:42:21,430] INFO django.server:213 "GET /api/channel-analyses/ HTTP/1.1" 200 3058
[2025-12-12 18:43:21,621] INFO django.server:213 "GET /api/channel-analyses/ HTTP/1.1" 200 3058
[2025-12-12 18:44:21,276] INFO django.server:213 "GET /api/channel-analyses/ HTTP/1.1" 200 3058
[2025-12-12 18:45:20,804] INFO django.server:213 "GET /api/channel-analyses/ HTTP/1.1" 200 3058
[2025-12-12 18:46:20,831] INFO django.server:213 "GET /api/channel-analyses/ HTTP/1.1" 200 3058
[2025-12-12 18:47:20,786] INFO django.server:213 "GET /api/channel-analyses/ HTTP/1.1" 200 3058
[2025-12-12 18:48:20,860] INFO django.server:213 "GET /api/channel-analyses/ HTTP/1.1" 200 3058
[2025-12-12 18:49:20,826] INFO django.server:213 "GET /api/channel-analyses/ HTTP/1.1" 200 3058
[2025-12-12 18:50:20,844] INFO django.server:213 "GET /api/channel-analyses/ HTTP/1.1" 200 3058
[2025-12-12 18:51:20,825] INFO django.server:213 "GET /api/channel-analyses/ HTTP/1.1" 200 3058
[2025-12-12 18:52:20,819] INFO django.server:213 "GET /api/channel-analyses/ HTTP/1.1" 200 3058
[2025-12-12 18:53:21,481] INFO django.server:213 "GET /api/channel-analyses/ HTTP/1.1" 200 3058
[2025-12-12 18:54:21,318] INFO django.server:213 "GET /api/channel-analyses/ HTTP/1.1" 200 3058
[2025-12-12 18:55:21,760] INFO django.server:213 "GET /api/channel-analyses/ HTTP/1.1" 200 3058
[2025-12-12 18:56:21,834] INFO django.server:213 "GET /api/channel-analyses/ HTTP/1.1" 200 3058
[2025-12-12 18:57:21,532] INFO django.server:213 "GET /api/channel-analyses/ HTTP/1.1" 200 3058
[2025-12-12 18:58:21,375] INFO django.server:213 "GET /api/channel-analyses/ HTTP/1.1" 200 3058
[2025-12-12 18:59:21,932] INFO django.server:213 "GET /api/channel-analyses/ HTTP/1.1" 200 3058
[2025-12-12 19:00:20,563] WARNING django.server:213 "GET /api/channel-analyses/ HTTP/1.1" 401 172
[2025-12-12 19:00:21,103] INFO django.server:213 "POST /api/auth/refresh/ HTTP/1.1" 200 244
[2025-12-12 19:00:21,478] INFO django.server:213 "GET /api/channel-analyses/ HTTP/1.1" 200 3058
[2025-12-12 19:01:21,366] INFO django.server:213 "GET /api/channel-analyses/ HTTP/1.1" 200 3058
[2025-12-12 19:02:21,265] INFO django.server:213 "GET /api/channel-analyses/ HTTP/1.1" 200 3058
[2025-12-12 19:03:21,312] INFO django.server:213 "GET /api/channel-analyses/ HTTP/1.1" 200 3058
[2025-12-12 19:04:21,493] INFO django.server:213 "GET /api/channel-analyses/ HTTP/1.1" 200 3058
[2025-12-12 19:09:20,445] INFO django.server:213 "GET /api/channel-analyses/ HTTP/1.1" 200 3058
[2025-12-12 19:10:20,065] INFO django.server:213 "GET /api/channel-analyses/ HTTP/1.1" 200 3058
[2025-12-12 19:11:20,114] INFO django.server:213 "GET /api/channel-analyses/ HTTP/1.1" 200 3058
[2025-12-12 19:12:20,116] INFO django.server:213 "GET /api/channel-analyses/ HTTP/1.1" 200 3058
[2025-12-12 19:13:20,070] INFO django.server:213 "GET /api/channel-analyses/ HTTP/1.1" 200 3058
[2025-12-12 19:14:20,085] INFO django.server:213 "GET /api/channel-analyses/ HTTP/1.1" 200 3058
[2025-12-12 19:15:20,150] INFO django.server:213 "GET /api/channel-analyses/ HTTP/1.1" 200 3058
[2025-12-12 19:16:20,200] INFO django.server:213 "GET /api/channel-analyses/ HTTP/1.1" 200 3058
[2025-12-12 19:17:20,187] INFO django.server:213 "GET /api/channel-analyses/ HTTP/1.1" 200 3058
[2025-12-12 19:18:20,077] INFO django.server:213 "GET /api/channel-analyses/ HTTP/1.1" 200 3058
[2025-12-12 19:19:20,280] INFO django.server:213 "GET /api/channel-analyses/ HTTP/1.1" 200 3058
[2025-12-12 19:20:20,124] INFO django.server:213 "GET /api/channel-analyses/ HTTP/1.1" 200 3058
[2025-12-12 19:21:20,092] INFO django.server:213 "GET /api/channel-analyses/ HTTP/1.1" 200 3058
[2025-12-12 19:22:20,127] INFO django.server:213 "GET /api/channel-analyses/ HTTP/1.1" 200 3058
[2025-12-12 19:23:20,556] INFO django.server:213 "GET /api/channel-analyses/ HTTP/1.1" 200 3058
[2025-12-12 19:24:20,740] INFO django.server:213 "GET /api/channel-analyses/ HTTP/1.1" 200 3058
[2025-12-12 19:25:20,576] INFO django.server:213 "GET /api/channel-analyses/ HTTP/1.1" 200 3058
[2025-12-12 19:26:20,083] INFO django.server:213 "GET /api/channel-analyses/ HTTP/1.1" 200 3058
[2025-12-12 19:27:20,249] INFO django.server:213 "GET /api/channel-analyses/ HTTP/1.1" 200 3058
[2025-12-12 19:28:20,332] INFO django.server:213 "GET /api/channel-analyses/ HTTP/1.1" 200 3058
[2025-12-12 19:29:20,093] INFO django.server:213 "GET /api/channel-analyses/ HTTP/1.1" 200 3058
[2025-12-12 19:30:20,053] INFO django.server:213 "GET /api/channel-analyses/ HTTP/1.1" 200 3058
[2025-12-12 19:31:19,332] WARNING django.server:213 "GET /api/channel-analyses/ HTTP/1.1" 401 172
[2025-12-12 19:31:19,942] INFO django.server:213 "POST /api/auth/refresh/ HTTP/1.1" 200 244
[2025-12-12 19:31:20,480] INFO django.server:213 "GET /api/channel-analyses/ HTTP/1.1" 200 3058
[2025-12-12 19:32:20,044] INFO django.server:213 "GET /api/channel-analyses/ HTTP/1.1" 200 3058
[2025-12-12 19:33:20,016] INFO django.server:213 "GET /api/channel-analyses/ HTTP/1.1" 200 3058
[2025-12-12 19:34:20,122] INFO django.server:213 "GET /api/channel-analyses/ HTTP/1.1" 200 3058
[2025-12-12 19:35:20,198] INFO django.server:213 "GET /api/channel-analyses/ HTTP/1.1" 200 3058
[2025-12-12 19:36:20,138] INFO django.server:213 "GET /api/channel-analyses/ HTTP/1.1" 200 3058
[2025-12-12 19:37:20,124] INFO django.server:213 "GET /api/channel-analyses/ HTTP/1.1" 200 3058
[2025-12-12 19:38:20,454] INFO django.server:213 "GET /api/channel-analyses/ HTTP/1.1" 200 3058
[2025-12-12 19:39:20,157] INFO django.server:213 "GET /api/channel-analyses/ HTTP/1.1" 200 3058
[2025-12-12 19:40:20,272] INFO django.server:213 "GET /api/channel-analyses/ HTTP/1.1" 200 3058
[2025-12-12 19:41:19,989] INFO django.server:213 "GET /api/channel-analyses/ HTTP/1.1" 200 3058
[2025-12-12 19:42:20,299] INFO django.server:213 "GET /api/channel-analyses/ HTTP/1.1" 200 3058
[2025-12-12 19:43:20,075] INFO django.server:213 "GET /api/channel-analyses/ HTTP/1.1" 200 3058
[2025-12-12 19:44:20,281] INFO django.server:213 "GET /api/channel-analyses/ HTTP/1.1" 200 3058
[2025-12-12 19:45:20,667] INFO django.server:213 "GET /api/channel-analyses/ HTTP/1.1" 200 3058
[2025-12-12 19:46:20,449] INFO django.server:213 "GET /api/channel-analyses/ HTTP/1.1" 200 3058
[2025-12-12 19:47:20,140] INFO django.server:213 "GET /api/channel-analyses/ HTTP/1.1" 200 3058
[2025-12-12 19:48:20,212] INFO django.server:213 "GET /api/channel-analyses/ HTTP/1.1" 200 3058
[2025-12-12 19:49:20,113] INFO django.server:213 "GET /api/channel-analyses/ HTTP/1.1" 200 3058
[2025-12-12 19:50:20,289] INFO django.server:213 "GET /api/channel-analyses/ HTTP/1.1" 200 3058
[2025-12-12 19:51:20,441] INFO django.server:213 "GET /api/channel-analyses/ HTTP/1.1" 200 3058
[2025-12-12 19:52:20,049] INFO django.server:213 "GET /api/channel-analyses/ HTTP/1.1" 200 3058
[2025-12-12 19:53:20,004] INFO django.server:213 "GET /api/channel-analyses/ HTTP/1.1" 200 3058
[2025-12-12 19:54:20,144] INFO django.server:213 "GET /api/channel-analyses/ HTTP/1.1" 200 3058
[2025-12-12 19:55:20,125] INFO django.server:213 "GET /api/channel-analyses/ HTTP/1.1" 200 3058
[2025-12-12 19:56:20,290] INFO django.server:213 "GET /api/channel-analyses/ HTTP/1.1" 200 3058
[2025-12-12 19:57:20,186] INFO django.server:213 "GET /api/channel-analyses/ HTTP/1.1" 200 3058
[2025-12-12 19:58:20,092] INFO django.server:213 "GET /api/channel-analyses/ HTTP/1.1" 200 3058
[2025-12-12 19:59:20,069] INFO django.server:213 "GET /api/channel-analyses/ HTTP/1.1" 200 3058
[2025-12-12 20:00:20,153] INFO django.server:213 "GET /api/channel-analyses/ HTTP/1.1" 200 3058
[2025-12-12 20:01:19,312] WARNING django.server:213 "GET /api/channel-analyses/ HTTP/1.1" 401 172
[2025-12-12 20:01:19,823] INFO django.server:213 "POST /api/auth/refresh/ HTTP/1.1" 200 244
[2025-12-12 20:01:20,217] INFO django.server:213 "GET /api/channel-analyses/ HTTP/1.1" 200 3058
[2025-12-12 20:02:20,015] INFO django.server:213 "GET /api/channel-analyses/ HTTP/1.1" 200 3058
[2025-12-12 20:03:20,278] INFO django.server:213 "GET /api/channel-analyses/ HTTP/1.1" 200 3058
[2025-12-12 20:04:20,156] INFO django.server:213 "GET /api/channel-analyses/ HTTP/1.1" 200 3058
[2025-12-12 20:05:20,046] INFO django.server:213 "GET /api/channel-analyses/ HTTP/1.1" 200 3058
[2025-12-12 20:06:20,193] INFO django.server:213 "GET /api/channel-analyses/ HTTP/1.1" 200 3058
[2025-12-12 20:07:20,090] INFO django.server:213 "GET /api/channel-analyses/ HTTP/1.1" 200 3058
[2025-12-12 20:08:20,138] INFO django.server:213 "GET /api/channel-analyses/ HTTP/1.1" 200 3058
[2025-12-12 20:09:20,051] INFO django.server:213 "GET /api/channel-analyses/ HTTP/1.1" 200 3058
[2025-12-12 20:10:20,068] INFO django.server:213 "GET /api/channel-analyses/ HTTP/1.1" 200 3058
[2025-12-12 20:11:20,356] INFO django.server:213 "GET /api/channel-analyses/ HTTP/1.1" 200 3058
[2025-12-12 20:12:19,996] INFO django.server:213 "GET /api/channel-analyses/ HTTP/1.1" 200 3058
[2025-12-12 20:13:19,981] INFO django.server:213 "GET /api/channel-analyses/ HTTP/1.1" 200 3058
[2025-12-12 20:14:20,078] INFO django.server:213 "GET /api/channel-analyses/ HTTP/1.1" 200 3058
[2025-12-12 20:15:19,991] INFO django.server:213 "GET /api/channel-analyses/ HTTP/1.1" 200 3058
[2025-12-12 20:16:20,137] INFO django.server:213 "GET /api/channel-analyses/ HTTP/1.1" 200 3058
[2025-12-12 20:17:20,046] INFO django.server:213 "GET /api/channel-analyses/ HTTP/1.1" 200 3058
[2025-12-12 20:18:20,233] INFO django.server:213 "GET /api/channel-analyses/ HTTP/1.1" 200 3058
[2025-12-12 20:19:20,087] INFO django.server:213 "GET /api/channel-analyses/ HTTP/1.1" 200 3058
[2025-12-12 20:20:20,073] INFO django.server:213 "GET /api/channel-analyses/ HTTP/1.1" 200 3058
[2025-12-12 20:21:20,178] INFO django.server:213 "GET /api/channel-analyses/ HTTP/1.1" 200 3058
[2025-12-12 20:22:20,284] INFO django.server:213 "GET /api/channel-analyses/ HTTP/1.1" 200 3058
[2025-12-12 20:23:20,065] INFO django.server:213 "GET /api/channel-analyses/ HTTP/1.1" 200 3058
[2025-12-12 20:24:20,022] INFO django.server:213 "GET /api/channel-analyses/ HTTP/1.1" 200 3058
[2025-12-12 20:25:19,964] INFO django.server:213 "GET /api/channel-analyses/ HTTP/1.1" 200 3058
[2025-12-12 20:26:20,005] INFO django.server:213 "GET /api/channel-analyses/ HTTP/1.1" 200 3058
[2025-12-12 20:27:20,012] INFO django.server:213 "GET /api/channel-analyses/ HTTP/1.1" 200 3058
[2025-12-12 20:29:22,738] ERROR django.server:213 "GET /api/channel-analyses/ HTTP/1.1" 500 228087
[2025-12-12 20:30:26,225] ERROR django.server:213 "GET /api/channel-analyses/ HTTP/1.1" 500 228087
[2025-12-12 20:31:29,676] ERROR django.server:213 "GET /api/channel-analyses/ HTTP/1.1" 500 228087
[2025-12-12 20:31:29,681] WARNING django.server:213 "GET /api/channel-analyses/ HTTP/1.1" 401 172
[2025-12-12 20:32:19,312] WARNING django.server:213 "GET /api/channel-analyses/ HTTP/1.1" 401 172
[2025-12-12 20:32:24,128] ERROR django.server:213 "POST /api/auth/refresh/ HTTP/1.1" 500 222864
[2025-12-13 16:36:23,346] INFO django.server:213 "GET /django-admin/core/post/ HTTP/1.1" 200 74924
[2025-12-13 16:36:23,953] INFO django.server:213 "GET /django-admin/jsi18n/ HTTP/1.1" 200 3342
[2025-12-13 16:36:24,456] WARNING django.server:213 "GET /favicon.ico HTTP/1.1" 404 3894
[2025-12-13 16:38:40,378] INFO django.server:213 "GET /django-admin/core/usertenantrole/ HTTP/1.1" 200 21121
[2025-12-13 16:38:40,574] INFO django.server:213 "GET /django-admin/jsi18n/ HTTP/1.1" 200 3342
[2025-12-13 16:38:50,261] INFO django.server:213 "GET /django-admin/core/usertenantrole/6/change/ HTTP/1.1" 200 21506
[2025-12-13 16:38:50,455] INFO django.server:213 "GET /django-admin/jsi18n/ HTTP/1.1" 200 3342
[2025-12-13 16:38:56,745] INFO django.server:213 "POST /django-admin/core/usertenantrole/6/change/ HTTP/1.1" 302 0
[2025-12-13 16:38:57,155] INFO django.server:213 "GET /django-admin/core/usertenantrole/ HTTP/1.1" 200 21365
[2025-12-13 16:38:57,325] INFO django.server:213 "GET /django-admin/jsi18n/ HTTP/1.1" 200 3342
[2025-12-13 16:39:07,577] INFO django.server:213 "GET /django-admin/auth/user/ HTTP/1.1" 200 22171
[2025-12-13 16:39:07,610] INFO django.server:213 "GET /static/admin/img/icon-no.svg HTTP/1.1" 304 0
[2025-12-13 16:39:07,751] INFO django.server:213 "GET /django-admin/jsi18n/ HTTP/1.1" 200 3342
[2025-12-13 16:39:15,254] INFO django.server:213 "GET /django-admin/auth/user/2/change/ HTTP/1.1" 200 48458
[2025-12-13 16:39:15,297] INFO django.server:213 "GET /static/admin/js/calendar.js HTTP/1.1" 304 0
[2025-12-13 16:39:15,298] INFO django.server:213 "GET /static/admin/js/admin/DateTimeShortcuts.js HTTP/1.1" 304 0
[2025-12-13 16:39:15,299] INFO django.server:213 "GET /static/admin/js/SelectBox.js HTTP/1.1" 304 0
[2025-12-13 16:39:15,300] INFO django.server:213 "GET /static/admin/js/SelectFilter2.js HTTP/1.1" 304 0
[2025-12-13 16:39:15,455] INFO django.server:213 "GET /django-admin/jsi18n/ HTTP/1.1" 200 3342
[2025-12-13 16:39:15,522] INFO django.server:213 "GET /static/admin/img/selector-icons.svg HTTP/1.1" 304 0
[2025-12-13 16:39:30,809] INFO django.server:213 "GET /django-admin/auth/user/2/password/ HTTP/1.1" 200 17544
[2025-12-13 16:39:30,849] INFO django.server:213 "GET /static/admin/css/unusable_password_field.css HTTP/1.1" 200 663
[2025-12-13 16:39:30,850] INFO django.server:213 "GET /static/admin/js/unusable_password_field.js HTTP/1.1" 200 1480
[2025-12-13 16:39:49,854] INFO django.server:213 "POST /django-admin/auth/user/2/password/ HTTP/1.1" 302 0
[2025-12-13 16:39:50,780] INFO django.server:213 "GET /django-admin/auth/user/2/change/ HTTP/1.1" 200 48594
[2025-12-13 16:39:50,976] INFO django.server:213 "GET /django-admin/jsi18n/ HTTP/1.1" 200 3342
[2025-12-13 16:40:45,305] INFO django.server:213 "GET /django-admin/auth/user/2/password/ HTTP/1.1" 200 17544
[2025-12-13 16:40:51,156] INFO django.server:213 "POST /django-admin/auth/user/2/password/ HTTP/1.1" 302 0
[2025-12-13 16:40:51,944] INFO django.server:213 "GET /django-admin/auth/user/2/change/ HTTP/1.1" 200 48594
[2025-12-13 16:40:52,118] INFO django.server:213 "GET /django-admin/jsi18n/ HTTP/1.1" 200 3342
